<?xml version="1.0" encoding="UTF-8"?>
<testng-results ignored="0" total="4" passed="4" failed="0" skipped="0">
  <reporter-output>
  </reporter-output>
  <suite started-at="2022-11-30T23:08:06 IST" name="Default suite" finished-at="2022-11-30T23:09:43 IST" duration-ms="97085">
    <groups>
      <group name="cucumber">
        <method signature="AbstractTestNGCucumberTests.runScenario(io.cucumber.testng.PickleWrapper, io.cucumber.testng.FeatureWrapper)[pri:0, instance:runner.CucumberRunner@3059cbc]" name="runScenario" class="io.cucumber.testng.AbstractTestNGCucumberTests"/>
      </group> <!-- cucumber -->
    </groups>
    <test started-at="2022-11-30T23:08:06 IST" name="Default test" finished-at="2022-11-30T23:09:43 IST" duration-ms="97085">
      <class name="runner.CucumberRunner">
        <test-method is-config="true" signature="setUpClass()[pri:0, instance:runner.CucumberRunner@3059cbc]" started-at="2022-11-30T23:08:06 IST" name="setUpClass" finished-at="2022-11-30T23:08:06 IST" duration-ms="360" status="PASS">
          <reporter-output>
          </reporter-output>
        </test-method> <!-- setUpClass -->
        <test-method signature="runScenario(io.cucumber.testng.PickleWrapper, io.cucumber.testng.FeatureWrapper)[pri:0, instance:runner.CucumberRunner@3059cbc]" started-at="2022-11-30T23:08:06 IST" name="runScenario" description="Runs Cucumber Scenarios" data-provider="scenarios" finished-at="2022-11-30T23:08:47 IST" duration-ms="40859" status="PASS">
          <params>
            <param index="0">
              <value>
                <![CDATA["Verify the user is able to Register With Bussiness Account"]]>
              </value>
            </param>
            <param index="1">
              <value>
                <![CDATA["Optional[Personal_Account]"]]>
              </value>
            </param>
          </params>
          <reporter-output>
          </reporter-output>
        </test-method> <!-- runScenario -->
        <test-method signature="runScenario(io.cucumber.testng.PickleWrapper, io.cucumber.testng.FeatureWrapper)[pri:0, instance:runner.CucumberRunner@3059cbc]" started-at="2022-11-30T23:08:47 IST" name="runScenario" description="Runs Cucumber Scenarios" data-provider="scenarios" finished-at="2022-11-30T23:09:12 IST" duration-ms="24830" status="PASS">
          <params>
            <param index="0">
              <value>
                <![CDATA["Verify user is able to Signin with Facebook Account"]]>
              </value>
            </param>
            <param index="1">
              <value>
                <![CDATA["Optional[Personal_Account]"]]>
              </value>
            </param>
          </params>
          <reporter-output>
          </reporter-output>
        </test-method> <!-- runScenario -->
        <test-method signature="runScenario(io.cucumber.testng.PickleWrapper, io.cucumber.testng.FeatureWrapper)[pri:0, instance:runner.CucumberRunner@3059cbc]" started-at="2022-11-30T23:09:12 IST" name="runScenario" description="Runs Cucumber Scenarios" data-provider="scenarios" finished-at="2022-11-30T23:09:21 IST" duration-ms="8746" status="PASS">
          <params>
            <param index="0">
              <value>
                <![CDATA["Verify user is able to Register with Personal Account"]]>
              </value>
            </param>
            <param index="1">
              <value>
                <![CDATA["Optional[Personal_Account]"]]>
              </value>
            </param>
          </params>
          <reporter-output>
          </reporter-output>
        </test-method> <!-- runScenario -->
        <test-method signature="runScenario(io.cucumber.testng.PickleWrapper, io.cucumber.testng.FeatureWrapper)[pri:0, instance:runner.CucumberRunner@3059cbc]" started-at="2022-11-30T23:09:21 IST" name="runScenario" description="Runs Cucumber Scenarios" data-provider="scenarios" finished-at="2022-11-30T23:09:43 IST" duration-ms="22142" status="PASS">
          <params>
            <param index="0">
              <value>
                <![CDATA["Verify the user is able to Signin with Email"]]>
              </value>
            </param>
            <param index="1">
              <value>
                <![CDATA["Optional[Personal_Account]"]]>
              </value>
            </param>
          </params>
          <reporter-output>
          </reporter-output>
        </test-method> <!-- runScenario -->
        <test-method is-config="true" signature="tearDownClass()[pri:0, instance:runner.CucumberRunner@3059cbc]" started-at="2022-11-30T23:09:43 IST" name="tearDownClass" finished-at="2022-11-30T23:09:43 IST" duration-ms="35" status="PASS">
          <reporter-output>
          </reporter-output>
        </test-method> <!-- tearDownClass -->
      </class> <!-- runner.CucumberRunner -->
    </test> <!-- Default test -->
  </suite> <!-- Default suite -->
</testng-results>
